Сборка начата 11.06.2014 20:11:01.
     1>Проект "D:\Projects\CudaMatrix\calculator\calculator.vcxproj" в узле 2 (целевые объекты Rebuild).
     1>BisonTarget:
         Process sample bison file
         cmd.exe /C "X:\Temp\tmp3f33ff46279340d496475d3e2c56f7d6.cmd"
         start /B /WAIT /D "D:\Projects\CudaMatrix\calculator\" win_bison.exe --output="sample.tab.cpp" --defines="sample.tab.h" "sample.y"
               
       FlexTarget:
         Process sample flex file
         cmd.exe /C "X:\Temp\tmp213985e503c24f89bcc09adde067da33.cmd"
         start /B /WAIT /D "D:\Projects\CudaMatrix\calculator\" win_flex.exe --wincompat --outfile="sample.flex.cpp" "sample.l"
               
       ClCompile:
         C:\Program Files (x86)\Microsoft Visual Studio 11.0\VC\bin\x86_amd64\CL.exe /c /Zi /nologo /W3 /WX- /sdl /Od /D _MBCS /Gm /EHsc /RTC1 /MDd /GS /fp:precise /Zc:wchar_t /Zc:forScope /Fo"x64\Debug\\" /Fd"x64\Debug\vc110.pdb" /Gd /TP /errorReport:prompt sample.flex.cpp sample.tab.cpp
         sample.tab.cpp
         sample.flex.cpp
         Создание кода...
       Link:
         C:\Program Files (x86)\Microsoft Visual Studio 11.0\VC\bin\x86_amd64\link.exe /ERRORREPORT:PROMPT /OUT:"D:\Projects\CudaMatrix\x64\Debug\calculator.exe" /INCREMENTAL /NOLOGO kernel32.lib user32.lib gdi32.lib winspool.lib comdlg32.lib advapi32.lib shell32.lib ole32.lib oleaut32.lib uuid.lib odbc32.lib odbccp32.lib /MANIFEST /MANIFESTUAC:"level='asInvoker' uiAccess='false'" /manifest:embed /DEBUG /PDB:"D:\Projects\CudaMatrix\x64\Debug\calculator.pdb" /TLBID:1 /DYNAMICBASE /NXCOMPAT /IMPLIB:"D:\Projects\CudaMatrix\x64\Debug\calculator.lib" /MACHINE:X64 x64\Debug\sample.flex.obj
         x64\Debug\sample.tab.obj
         calculator.vcxproj -> D:\Projects\CudaMatrix\x64\Debug\calculator.exe
     1>Построение проекта "D:\Projects\CudaMatrix\calculator\calculator.vcxproj" завершено (целевые объекты Rebuild).

Построение успешно завершено.

Затраченное время: 00:00:01.78
