Сборка начата 17.06.2014 0:13:50.
     1>Проект "D:\Projects\CudaMatrix\cudamatrix\cudamatrix.vcxproj" в узле 2 (целевые объекты Rebuild).
     1>CudaClean:
         cmd.exe /C "X:\Temp\tmp433a4cc84142412e870417fde8368c45.cmd"
         "C:\Program Files\NVIDIA GPU Computing Toolkit\CUDA\v5.5\bin\nvcc.exe" -ccbin "C:\Program Files (x86)\Microsoft Visual Studio 11.0\VC\bin\x86_amd64"  -I"C:\Program Files\NVIDIA GPU Computing Toolkit\CUDA\v5.5\include" -I"C:\Program Files\NVIDIA GPU Computing Toolkit\CUDA\v5.5\include" -I"C:\Program Files\NVIDIA GPU Computing Toolkit\CUDA\v5.5\include"     --keep-dir x64\Release -maxrregcount=0  --machine 64 --compile      -D_CRT_SECURE_NO_WARNINGS -D_MBCS -Xcompiler "/EHsc /W3 /nologo /O2 /Zi  /MD  " -o x64\Release\matrix.cu.obj "D:\Projects\CudaMatrix\cudamatrix\matrix.cu" -clean
         
         D:\Projects\CudaMatrix\cudamatrix>"C:\Program Files\NVIDIA GPU Computing Toolkit\CUDA\v5.5\bin\nvcc.exe" -ccbin "C:\Program Files (x86)\Microsoft Visual Studio 11.0\VC\bin\x86_amd64"  -I"C:\Program Files\NVIDIA GPU Computing Toolkit\CUDA\v5.5\include" -I"C:\Program Files\NVIDIA GPU Computing Toolkit\CUDA\v5.5\include" -I"C:\Program Files\NVIDIA GPU Computing Toolkit\CUDA\v5.5\include"     --keep-dir x64\Release -maxrregcount=0  --machine 64 --compile      -D_CRT_SECURE_NO_WARNINGS -D_MBCS -Xcompiler "/EHsc /W3 /nologo /O2 /Zi  /MD  " -o x64\Release\matrix.cu.obj "D:\Projects\CudaMatrix\cudamatrix\matrix.cu" -clean 
       CudaClean:
         cmd.exe /C "X:\Temp\tmpec6a2338f3444a9fb9f29b62269dc8bd.cmd"
         "C:\Program Files\NVIDIA GPU Computing Toolkit\CUDA\v5.5\bin\nvcc.exe" -ccbin "C:\Program Files (x86)\Microsoft Visual Studio 11.0\VC\bin\x86_amd64"  -I"C:\Program Files\NVIDIA GPU Computing Toolkit\CUDA\v5.5\include" -I"C:\Program Files\NVIDIA GPU Computing Toolkit\CUDA\v5.5\include" -I"C:\Program Files\NVIDIA GPU Computing Toolkit\CUDA\v5.5\include"     --keep-dir x64\Release -maxrregcount=0  --machine 64 --compile      -D_CRT_SECURE_NO_WARNINGS -D_MBCS -Xcompiler "/EHsc /W3 /nologo /O2 /Zi  /MD  " -o x64\Release\matrixadd.cu.obj "D:\Projects\CudaMatrix\cudamatrix\matrixadd.cu" -clean
         
         D:\Projects\CudaMatrix\cudamatrix>"C:\Program Files\NVIDIA GPU Computing Toolkit\CUDA\v5.5\bin\nvcc.exe" -ccbin "C:\Program Files (x86)\Microsoft Visual Studio 11.0\VC\bin\x86_amd64"  -I"C:\Program Files\NVIDIA GPU Computing Toolkit\CUDA\v5.5\include" -I"C:\Program Files\NVIDIA GPU Computing Toolkit\CUDA\v5.5\include" -I"C:\Program Files\NVIDIA GPU Computing Toolkit\CUDA\v5.5\include"     --keep-dir x64\Release -maxrregcount=0  --machine 64 --compile      -D_CRT_SECURE_NO_WARNINGS -D_MBCS -Xcompiler "/EHsc /W3 /nologo /O2 /Zi  /MD  " -o x64\Release\matrixadd.cu.obj "D:\Projects\CudaMatrix\cudamatrix\matrixadd.cu" -clean 
       CudaClean:
         cmd.exe /C "X:\Temp\tmp78a1695c6b8747a58e5dcbe0428c712b.cmd"
         "C:\Program Files\NVIDIA GPU Computing Toolkit\CUDA\v5.5\bin\nvcc.exe" -ccbin "C:\Program Files (x86)\Microsoft Visual Studio 11.0\VC\bin\x86_amd64"  -I"C:\Program Files\NVIDIA GPU Computing Toolkit\CUDA\v5.5\include" -I"C:\Program Files\NVIDIA GPU Computing Toolkit\CUDA\v5.5\include" -I"C:\Program Files\NVIDIA GPU Computing Toolkit\CUDA\v5.5\include"     --keep-dir x64\Release -maxrregcount=0  --machine 64 --compile      -D_CRT_SECURE_NO_WARNINGS -D_MBCS -Xcompiler "/EHsc /W3 /nologo /O2 /Zi  /MD  " -o x64\Release\matrixgaussjordan.cu.obj "D:\Projects\CudaMatrix\cudamatrix\matrixgaussjordan.cu" -clean
         
         D:\Projects\CudaMatrix\cudamatrix>"C:\Program Files\NVIDIA GPU Computing Toolkit\CUDA\v5.5\bin\nvcc.exe" -ccbin "C:\Program Files (x86)\Microsoft Visual Studio 11.0\VC\bin\x86_amd64"  -I"C:\Program Files\NVIDIA GPU Computing Toolkit\CUDA\v5.5\include" -I"C:\Program Files\NVIDIA GPU Computing Toolkit\CUDA\v5.5\include" -I"C:\Program Files\NVIDIA GPU Computing Toolkit\CUDA\v5.5\include"     --keep-dir x64\Release -maxrregcount=0  --machine 64 --compile      -D_CRT_SECURE_NO_WARNINGS -D_MBCS -Xcompiler "/EHsc /W3 /nologo /O2 /Zi  /MD  " -o x64\Release\matrixgaussjordan.cu.obj "D:\Projects\CudaMatrix\cudamatrix\matrixgaussjordan.cu" -clean 
       CudaClean:
         cmd.exe /C "X:\Temp\tmpb9a5fa36db9c4ff79399fc9ec469b3ca.cmd"
         "C:\Program Files\NVIDIA GPU Computing Toolkit\CUDA\v5.5\bin\nvcc.exe" -ccbin "C:\Program Files (x86)\Microsoft Visual Studio 11.0\VC\bin\x86_amd64"  -I"C:\Program Files\NVIDIA GPU Computing Toolkit\CUDA\v5.5\include" -I"C:\Program Files\NVIDIA GPU Computing Toolkit\CUDA\v5.5\include" -I"C:\Program Files\NVIDIA GPU Computing Toolkit\CUDA\v5.5\include"     --keep-dir x64\Release -maxrregcount=0  --machine 64 --compile      -D_CRT_SECURE_NO_WARNINGS -D_MBCS -Xcompiler "/EHsc /W3 /nologo /O2 /Zi  /MD  " -o x64\Release\matrixminus.cu.obj "D:\Projects\CudaMatrix\cudamatrix\matrixminus.cu" -clean
         
         D:\Projects\CudaMatrix\cudamatrix>"C:\Program Files\NVIDIA GPU Computing Toolkit\CUDA\v5.5\bin\nvcc.exe" -ccbin "C:\Program Files (x86)\Microsoft Visual Studio 11.0\VC\bin\x86_amd64"  -I"C:\Program Files\NVIDIA GPU Computing Toolkit\CUDA\v5.5\include" -I"C:\Program Files\NVIDIA GPU Computing Toolkit\CUDA\v5.5\include" -I"C:\Program Files\NVIDIA GPU Computing Toolkit\CUDA\v5.5\include"     --keep-dir x64\Release -maxrregcount=0  --machine 64 --compile      -D_CRT_SECURE_NO_WARNINGS -D_MBCS -Xcompiler "/EHsc /W3 /nologo /O2 /Zi  /MD  " -o x64\Release\matrixminus.cu.obj "D:\Projects\CudaMatrix\cudamatrix\matrixminus.cu" -clean 
       CudaClean:
         cmd.exe /C "X:\Temp\tmpbaca93b961b84a25a83a759af19870e8.cmd"
         "C:\Program Files\NVIDIA GPU Computing Toolkit\CUDA\v5.5\bin\nvcc.exe" -ccbin "C:\Program Files (x86)\Microsoft Visual Studio 11.0\VC\bin\x86_amd64"  -I"C:\Program Files\NVIDIA GPU Computing Toolkit\CUDA\v5.5\include" -I"C:\Program Files\NVIDIA GPU Computing Toolkit\CUDA\v5.5\include" -I"C:\Program Files\NVIDIA GPU Computing Toolkit\CUDA\v5.5\include"     --keep-dir x64\Release -maxrregcount=0  --machine 64 --compile      -D_CRT_SECURE_NO_WARNINGS -D_MBCS -Xcompiler "/EHsc /W3 /nologo /O2 /Zi  /MD  " -o x64\Release\matrixmul.cu.obj "D:\Projects\CudaMatrix\cudamatrix\matrixmul.cu" -clean
         
         D:\Projects\CudaMatrix\cudamatrix>"C:\Program Files\NVIDIA GPU Computing Toolkit\CUDA\v5.5\bin\nvcc.exe" -ccbin "C:\Program Files (x86)\Microsoft Visual Studio 11.0\VC\bin\x86_amd64"  -I"C:\Program Files\NVIDIA GPU Computing Toolkit\CUDA\v5.5\include" -I"C:\Program Files\NVIDIA GPU Computing Toolkit\CUDA\v5.5\include" -I"C:\Program Files\NVIDIA GPU Computing Toolkit\CUDA\v5.5\include"     --keep-dir x64\Release -maxrregcount=0  --machine 64 --compile      -D_CRT_SECURE_NO_WARNINGS -D_MBCS -Xcompiler "/EHsc /W3 /nologo /O2 /Zi  /MD  " -o x64\Release\matrixmul.cu.obj "D:\Projects\CudaMatrix\cudamatrix\matrixmul.cu" -clean 
       CudaClean:
         cmd.exe /C "X:\Temp\tmpa9320102e44541cb8eac217553e494f0.cmd"
         "C:\Program Files\NVIDIA GPU Computing Toolkit\CUDA\v5.5\bin\nvcc.exe" -ccbin "C:\Program Files (x86)\Microsoft Visual Studio 11.0\VC\bin\x86_amd64"  -I"C:\Program Files\NVIDIA GPU Computing Toolkit\CUDA\v5.5\include" -I"C:\Program Files\NVIDIA GPU Computing Toolkit\CUDA\v5.5\include" -I"C:\Program Files\NVIDIA GPU Computing Toolkit\CUDA\v5.5\include"     --keep-dir x64\Release -maxrregcount=0  --machine 64 --compile      -D_CRT_SECURE_NO_WARNINGS -D_MBCS -Xcompiler "/EHsc /W3 /nologo /O2 /Zi  /MD  " -o x64\Release\matrixplus.cu.obj "D:\Projects\CudaMatrix\cudamatrix\matrixplus.cu" -clean
         
         D:\Projects\CudaMatrix\cudamatrix>"C:\Program Files\NVIDIA GPU Computing Toolkit\CUDA\v5.5\bin\nvcc.exe" -ccbin "C:\Program Files (x86)\Microsoft Visual Studio 11.0\VC\bin\x86_amd64"  -I"C:\Program Files\NVIDIA GPU Computing Toolkit\CUDA\v5.5\include" -I"C:\Program Files\NVIDIA GPU Computing Toolkit\CUDA\v5.5\include" -I"C:\Program Files\NVIDIA GPU Computing Toolkit\CUDA\v5.5\include"     --keep-dir x64\Release -maxrregcount=0  --machine 64 --compile      -D_CRT_SECURE_NO_WARNINGS -D_MBCS -Xcompiler "/EHsc /W3 /nologo /O2 /Zi  /MD  " -o x64\Release\matrixplus.cu.obj "D:\Projects\CudaMatrix\cudamatrix\matrixplus.cu" -clean 
       CudaClean:
         cmd.exe /C "X:\Temp\tmpfcbcb3a74bb24a52a365c218b8366f23.cmd"
         "C:\Program Files\NVIDIA GPU Computing Toolkit\CUDA\v5.5\bin\nvcc.exe" -ccbin "C:\Program Files (x86)\Microsoft Visual Studio 11.0\VC\bin\x86_amd64"  -I"C:\Program Files\NVIDIA GPU Computing Toolkit\CUDA\v5.5\include" -I"C:\Program Files\NVIDIA GPU Computing Toolkit\CUDA\v5.5\include" -I"C:\Program Files\NVIDIA GPU Computing Toolkit\CUDA\v5.5\include"     --keep-dir x64\Release -maxrregcount=0  --machine 64 --compile      -D_CRT_SECURE_NO_WARNINGS -D_MBCS -Xcompiler "/EHsc /W3 /nologo /O2 /Zi  /MD  " -o x64\Release\matrixrot.cu.obj "D:\Projects\CudaMatrix\cudamatrix\matrixrot.cu" -clean
         
         D:\Projects\CudaMatrix\cudamatrix>"C:\Program Files\NVIDIA GPU Computing Toolkit\CUDA\v5.5\bin\nvcc.exe" -ccbin "C:\Program Files (x86)\Microsoft Visual Studio 11.0\VC\bin\x86_amd64"  -I"C:\Program Files\NVIDIA GPU Computing Toolkit\CUDA\v5.5\include" -I"C:\Program Files\NVIDIA GPU Computing Toolkit\CUDA\v5.5\include" -I"C:\Program Files\NVIDIA GPU Computing Toolkit\CUDA\v5.5\include"     --keep-dir x64\Release -maxrregcount=0  --machine 64 --compile      -D_CRT_SECURE_NO_WARNINGS -D_MBCS -Xcompiler "/EHsc /W3 /nologo /O2 /Zi  /MD  " -o x64\Release\matrixrot.cu.obj "D:\Projects\CudaMatrix\cudamatrix\matrixrot.cu" -clean 
       CudaClean:
         cmd.exe /C "X:\Temp\tmp1a49025060784220bbebabaa498e00ab.cmd"
         "C:\Program Files\NVIDIA GPU Computing Toolkit\CUDA\v5.5\bin\nvcc.exe" -ccbin "C:\Program Files (x86)\Microsoft Visual Studio 11.0\VC\bin\x86_amd64"  -I"C:\Program Files\NVIDIA GPU Computing Toolkit\CUDA\v5.5\include" -I"C:\Program Files\NVIDIA GPU Computing Toolkit\CUDA\v5.5\include" -I"C:\Program Files\NVIDIA GPU Computing Toolkit\CUDA\v5.5\include"     --keep-dir x64\Release -maxrregcount=0  --machine 64 --compile      -D_CRT_SECURE_NO_WARNINGS -D_MBCS -Xcompiler "/EHsc /W3 /nologo /O2 /Zi  /MD  " -o x64\Release\matrixsub.cu.obj "D:\Projects\CudaMatrix\cudamatrix\matrixsub.cu" -clean
         
         D:\Projects\CudaMatrix\cudamatrix>"C:\Program Files\NVIDIA GPU Computing Toolkit\CUDA\v5.5\bin\nvcc.exe" -ccbin "C:\Program Files (x86)\Microsoft Visual Studio 11.0\VC\bin\x86_amd64"  -I"C:\Program Files\NVIDIA GPU Computing Toolkit\CUDA\v5.5\include" -I"C:\Program Files\NVIDIA GPU Computing Toolkit\CUDA\v5.5\include" -I"C:\Program Files\NVIDIA GPU Computing Toolkit\CUDA\v5.5\include"     --keep-dir x64\Release -maxrregcount=0  --machine 64 --compile      -D_CRT_SECURE_NO_WARNINGS -D_MBCS -Xcompiler "/EHsc /W3 /nologo /O2 /Zi  /MD  " -o x64\Release\matrixsub.cu.obj "D:\Projects\CudaMatrix\cudamatrix\matrixsub.cu" -clean 
       AddCudaCompileDeps:
         C:\Program Files (x86)\Microsoft Visual Studio 11.0\VC\bin\x86_amd64\cl.exe /E /nologo /showIncludes /TP /D__CUDACC__ /D_CRT_SECURE_NO_WARNINGS /D_MBCS /I"C:\Program Files\NVIDIA GPU Computing Toolkit\CUDA\v5.5\include" /I"C:\Program Files\NVIDIA GPU Computing Toolkit\CUDA\v5.5\include" /I"C:\Program Files\NVIDIA GPU Computing Toolkit\CUDA\v5.5\bin" /I"C:\Program Files\NVIDIA GPU Computing Toolkit\CUDA\v5.5\include" /I. /FIcuda_runtime.h /c D:\Projects\CudaMatrix\cudamatrix\matrix.cu 
       AddCudaCompileDeps:
         C:\Program Files (x86)\Microsoft Visual Studio 11.0\VC\bin\x86_amd64\cl.exe /E /nologo /showIncludes /TP /D__CUDACC__ /D_CRT_SECURE_NO_WARNINGS /D_MBCS /I"C:\Program Files\NVIDIA GPU Computing Toolkit\CUDA\v5.5\include" /I"C:\Program Files\NVIDIA GPU Computing Toolkit\CUDA\v5.5\include" /I"C:\Program Files\NVIDIA GPU Computing Toolkit\CUDA\v5.5\bin" /I"C:\Program Files\NVIDIA GPU Computing Toolkit\CUDA\v5.5\include" /I. /FIcuda_runtime.h /c D:\Projects\CudaMatrix\cudamatrix\matrixadd.cu 
       AddCudaCompileDeps:
         C:\Program Files (x86)\Microsoft Visual Studio 11.0\VC\bin\x86_amd64\cl.exe /E /nologo /showIncludes /TP /D__CUDACC__ /D_CRT_SECURE_NO_WARNINGS /D_MBCS /I"C:\Program Files\NVIDIA GPU Computing Toolkit\CUDA\v5.5\include" /I"C:\Program Files\NVIDIA GPU Computing Toolkit\CUDA\v5.5\include" /I"C:\Program Files\NVIDIA GPU Computing Toolkit\CUDA\v5.5\bin" /I"C:\Program Files\NVIDIA GPU Computing Toolkit\CUDA\v5.5\include" /I. /FIcuda_runtime.h /c D:\Projects\CudaMatrix\cudamatrix\matrixgaussjordan.cu 
       AddCudaCompileDeps:
         C:\Program Files (x86)\Microsoft Visual Studio 11.0\VC\bin\x86_amd64\cl.exe /E /nologo /showIncludes /TP /D__CUDACC__ /D_CRT_SECURE_NO_WARNINGS /D_MBCS /I"C:\Program Files\NVIDIA GPU Computing Toolkit\CUDA\v5.5\include" /I"C:\Program Files\NVIDIA GPU Computing Toolkit\CUDA\v5.5\include" /I"C:\Program Files\NVIDIA GPU Computing Toolkit\CUDA\v5.5\bin" /I"C:\Program Files\NVIDIA GPU Computing Toolkit\CUDA\v5.5\include" /I. /FIcuda_runtime.h /c D:\Projects\CudaMatrix\cudamatrix\matrixminus.cu 
       AddCudaCompileDeps:
         C:\Program Files (x86)\Microsoft Visual Studio 11.0\VC\bin\x86_amd64\cl.exe /E /nologo /showIncludes /TP /D__CUDACC__ /D_CRT_SECURE_NO_WARNINGS /D_MBCS /I"C:\Program Files\NVIDIA GPU Computing Toolkit\CUDA\v5.5\include" /I"C:\Program Files\NVIDIA GPU Computing Toolkit\CUDA\v5.5\include" /I"C:\Program Files\NVIDIA GPU Computing Toolkit\CUDA\v5.5\bin" /I"C:\Program Files\NVIDIA GPU Computing Toolkit\CUDA\v5.5\include" /I. /FIcuda_runtime.h /c D:\Projects\CudaMatrix\cudamatrix\matrixmul.cu 
       AddCudaCompileDeps:
         C:\Program Files (x86)\Microsoft Visual Studio 11.0\VC\bin\x86_amd64\cl.exe /E /nologo /showIncludes /TP /D__CUDACC__ /D_CRT_SECURE_NO_WARNINGS /D_MBCS /I"C:\Program Files\NVIDIA GPU Computing Toolkit\CUDA\v5.5\include" /I"C:\Program Files\NVIDIA GPU Computing Toolkit\CUDA\v5.5\include" /I"C:\Program Files\NVIDIA GPU Computing Toolkit\CUDA\v5.5\bin" /I"C:\Program Files\NVIDIA GPU Computing Toolkit\CUDA\v5.5\include" /I. /FIcuda_runtime.h /c D:\Projects\CudaMatrix\cudamatrix\matrixplus.cu 
       AddCudaCompileDeps:
         C:\Program Files (x86)\Microsoft Visual Studio 11.0\VC\bin\x86_amd64\cl.exe /E /nologo /showIncludes /TP /D__CUDACC__ /D_CRT_SECURE_NO_WARNINGS /D_MBCS /I"C:\Program Files\NVIDIA GPU Computing Toolkit\CUDA\v5.5\include" /I"C:\Program Files\NVIDIA GPU Computing Toolkit\CUDA\v5.5\include" /I"C:\Program Files\NVIDIA GPU Computing Toolkit\CUDA\v5.5\bin" /I"C:\Program Files\NVIDIA GPU Computing Toolkit\CUDA\v5.5\include" /I. /FIcuda_runtime.h /c D:\Projects\CudaMatrix\cudamatrix\matrixrot.cu 
       AddCudaCompileDeps:
         C:\Program Files (x86)\Microsoft Visual Studio 11.0\VC\bin\x86_amd64\cl.exe /E /nologo /showIncludes /TP /D__CUDACC__ /D_CRT_SECURE_NO_WARNINGS /D_MBCS /I"C:\Program Files\NVIDIA GPU Computing Toolkit\CUDA\v5.5\include" /I"C:\Program Files\NVIDIA GPU Computing Toolkit\CUDA\v5.5\include" /I"C:\Program Files\NVIDIA GPU Computing Toolkit\CUDA\v5.5\bin" /I"C:\Program Files\NVIDIA GPU Computing Toolkit\CUDA\v5.5\include" /I. /FIcuda_runtime.h /c D:\Projects\CudaMatrix\cudamatrix\matrixsub.cu 
       CudaBuild:
         Compiling CUDA source file matrix.cu...
         cmd.exe /C "X:\Temp\tmpfe615874008a4525b6b3fcbef7f989b0.cmd"
         "C:\Program Files\NVIDIA GPU Computing Toolkit\CUDA\v5.5\bin\nvcc.exe" -gencode=arch=compute_10,code=\"sm_10,compute_10\" --use-local-env --cl-version 2012 -ccbin "C:\Program Files (x86)\Microsoft Visual Studio 11.0\VC\bin\x86_amd64"  -I"C:\Program Files\NVIDIA GPU Computing Toolkit\CUDA\v5.5\include" -I"C:\Program Files\NVIDIA GPU Computing Toolkit\CUDA\v5.5\include" -I"C:\Program Files\NVIDIA GPU Computing Toolkit\CUDA\v5.5\include"     --keep-dir x64\Release -maxrregcount=0  --machine 64 --compile -cudart static     -D_CRT_SECURE_NO_WARNINGS -D_MBCS -Xcompiler "/EHsc /W3 /nologo /O2 /Zi  /MD  " -o x64\Release\matrix.cu.obj "D:\Projects\CudaMatrix\cudamatrix\matrix.cu"
         
         D:\Projects\CudaMatrix\cudamatrix>"C:\Program Files\NVIDIA GPU Computing Toolkit\CUDA\v5.5\bin\nvcc.exe" -gencode=arch=compute_10,code=\"sm_10,compute_10\" --use-local-env --cl-version 2012 -ccbin "C:\Program Files (x86)\Microsoft Visual Studio 11.0\VC\bin\x86_amd64"  -I"C:\Program Files\NVIDIA GPU Computing Toolkit\CUDA\v5.5\include" -I"C:\Program Files\NVIDIA GPU Computing Toolkit\CUDA\v5.5\include" -I"C:\Program Files\NVIDIA GPU Computing Toolkit\CUDA\v5.5\include"     --keep-dir x64\Release -maxrregcount=0  --machine 64 --compile -cudart static     -D_CRT_SECURE_NO_WARNINGS -D_MBCS -Xcompiler "/EHsc /W3 /nologo /O2 /Zi  /MD  " -o x64\Release\matrix.cu.obj "D:\Projects\CudaMatrix\cudamatrix\matrix.cu" 
       CudaBuild:
         Compiling CUDA source file matrixadd.cu...
         cmd.exe /C "X:\Temp\tmp54af545f487a4d65a50a4e003d43d512.cmd"
         "C:\Program Files\NVIDIA GPU Computing Toolkit\CUDA\v5.5\bin\nvcc.exe" -gencode=arch=compute_10,code=\"sm_10,compute_10\" --use-local-env --cl-version 2012 -ccbin "C:\Program Files (x86)\Microsoft Visual Studio 11.0\VC\bin\x86_amd64"  -I"C:\Program Files\NVIDIA GPU Computing Toolkit\CUDA\v5.5\include" -I"C:\Program Files\NVIDIA GPU Computing Toolkit\CUDA\v5.5\include" -I"C:\Program Files\NVIDIA GPU Computing Toolkit\CUDA\v5.5\include"     --keep-dir x64\Release -maxrregcount=0  --machine 64 --compile -cudart static     -D_CRT_SECURE_NO_WARNINGS -D_MBCS -Xcompiler "/EHsc /W3 /nologo /O2 /Zi  /MD  " -o x64\Release\matrixadd.cu.obj "D:\Projects\CudaMatrix\cudamatrix\matrixadd.cu"
         
         D:\Projects\CudaMatrix\cudamatrix>"C:\Program Files\NVIDIA GPU Computing Toolkit\CUDA\v5.5\bin\nvcc.exe" -gencode=arch=compute_10,code=\"sm_10,compute_10\" --use-local-env --cl-version 2012 -ccbin "C:\Program Files (x86)\Microsoft Visual Studio 11.0\VC\bin\x86_amd64"  -I"C:\Program Files\NVIDIA GPU Computing Toolkit\CUDA\v5.5\include" -I"C:\Program Files\NVIDIA GPU Computing Toolkit\CUDA\v5.5\include" -I"C:\Program Files\NVIDIA GPU Computing Toolkit\CUDA\v5.5\include"     --keep-dir x64\Release -maxrregcount=0  --machine 64 --compile -cudart static     -D_CRT_SECURE_NO_WARNINGS -D_MBCS -Xcompiler "/EHsc /W3 /nologo /O2 /Zi  /MD  " -o x64\Release\matrixadd.cu.obj "D:\Projects\CudaMatrix\cudamatrix\matrixadd.cu" 
       CudaBuild:
         Compiling CUDA source file matrixgaussjordan.cu...
         cmd.exe /C "X:\Temp\tmpad56b2f408a541c48c0d1be1e4e8790b.cmd"
         "C:\Program Files\NVIDIA GPU Computing Toolkit\CUDA\v5.5\bin\nvcc.exe" -gencode=arch=compute_10,code=\"sm_10,compute_10\" --use-local-env --cl-version 2012 -ccbin "C:\Program Files (x86)\Microsoft Visual Studio 11.0\VC\bin\x86_amd64"  -I"C:\Program Files\NVIDIA GPU Computing Toolkit\CUDA\v5.5\include" -I"C:\Program Files\NVIDIA GPU Computing Toolkit\CUDA\v5.5\include" -I"C:\Program Files\NVIDIA GPU Computing Toolkit\CUDA\v5.5\include"     --keep-dir x64\Release -maxrregcount=0  --machine 64 --compile -cudart static     -D_CRT_SECURE_NO_WARNINGS -D_MBCS -Xcompiler "/EHsc /W3 /nologo /O2 /Zi  /MD  " -o x64\Release\matrixgaussjordan.cu.obj "D:\Projects\CudaMatrix\cudamatrix\matrixgaussjordan.cu"
         
         D:\Projects\CudaMatrix\cudamatrix>"C:\Program Files\NVIDIA GPU Computing Toolkit\CUDA\v5.5\bin\nvcc.exe" -gencode=arch=compute_10,code=\"sm_10,compute_10\" --use-local-env --cl-version 2012 -ccbin "C:\Program Files (x86)\Microsoft Visual Studio 11.0\VC\bin\x86_amd64"  -I"C:\Program Files\NVIDIA GPU Computing Toolkit\CUDA\v5.5\include" -I"C:\Program Files\NVIDIA GPU Computing Toolkit\CUDA\v5.5\include" -I"C:\Program Files\NVIDIA GPU Computing Toolkit\CUDA\v5.5\include"     --keep-dir x64\Release -maxrregcount=0  --machine 64 --compile -cudart static     -D_CRT_SECURE_NO_WARNINGS -D_MBCS -Xcompiler "/EHsc /W3 /nologo /O2 /Zi  /MD  " -o x64\Release\matrixgaussjordan.cu.obj "D:\Projects\CudaMatrix\cudamatrix\matrixgaussjordan.cu" 
       CudaBuild:
         Compiling CUDA source file matrixminus.cu...
         cmd.exe /C "X:\Temp\tmp380c047fc7be4c7c9bff55f0fc072cda.cmd"
         "C:\Program Files\NVIDIA GPU Computing Toolkit\CUDA\v5.5\bin\nvcc.exe" -gencode=arch=compute_10,code=\"sm_10,compute_10\" --use-local-env --cl-version 2012 -ccbin "C:\Program Files (x86)\Microsoft Visual Studio 11.0\VC\bin\x86_amd64"  -I"C:\Program Files\NVIDIA GPU Computing Toolkit\CUDA\v5.5\include" -I"C:\Program Files\NVIDIA GPU Computing Toolkit\CUDA\v5.5\include" -I"C:\Program Files\NVIDIA GPU Computing Toolkit\CUDA\v5.5\include"     --keep-dir x64\Release -maxrregcount=0  --machine 64 --compile -cudart static     -D_CRT_SECURE_NO_WARNINGS -D_MBCS -Xcompiler "/EHsc /W3 /nologo /O2 /Zi  /MD  " -o x64\Release\matrixminus.cu.obj "D:\Projects\CudaMatrix\cudamatrix\matrixminus.cu"
         
         D:\Projects\CudaMatrix\cudamatrix>"C:\Program Files\NVIDIA GPU Computing Toolkit\CUDA\v5.5\bin\nvcc.exe" -gencode=arch=compute_10,code=\"sm_10,compute_10\" --use-local-env --cl-version 2012 -ccbin "C:\Program Files (x86)\Microsoft Visual Studio 11.0\VC\bin\x86_amd64"  -I"C:\Program Files\NVIDIA GPU Computing Toolkit\CUDA\v5.5\include" -I"C:\Program Files\NVIDIA GPU Computing Toolkit\CUDA\v5.5\include" -I"C:\Program Files\NVIDIA GPU Computing Toolkit\CUDA\v5.5\include"     --keep-dir x64\Release -maxrregcount=0  --machine 64 --compile -cudart static     -D_CRT_SECURE_NO_WARNINGS -D_MBCS -Xcompiler "/EHsc /W3 /nologo /O2 /Zi  /MD  " -o x64\Release\matrixminus.cu.obj "D:\Projects\CudaMatrix\cudamatrix\matrixminus.cu" 
       CudaBuild:
         Compiling CUDA source file matrixmul.cu...
         cmd.exe /C "X:\Temp\tmp741439b3ffd544faae97ceeccfbe23e8.cmd"
         "C:\Program Files\NVIDIA GPU Computing Toolkit\CUDA\v5.5\bin\nvcc.exe" -gencode=arch=compute_10,code=\"sm_10,compute_10\" --use-local-env --cl-version 2012 -ccbin "C:\Program Files (x86)\Microsoft Visual Studio 11.0\VC\bin\x86_amd64"  -I"C:\Program Files\NVIDIA GPU Computing Toolkit\CUDA\v5.5\include" -I"C:\Program Files\NVIDIA GPU Computing Toolkit\CUDA\v5.5\include" -I"C:\Program Files\NVIDIA GPU Computing Toolkit\CUDA\v5.5\include"     --keep-dir x64\Release -maxrregcount=0  --machine 64 --compile -cudart static     -D_CRT_SECURE_NO_WARNINGS -D_MBCS -Xcompiler "/EHsc /W3 /nologo /O2 /Zi  /MD  " -o x64\Release\matrixmul.cu.obj "D:\Projects\CudaMatrix\cudamatrix\matrixmul.cu"
         
         D:\Projects\CudaMatrix\cudamatrix>"C:\Program Files\NVIDIA GPU Computing Toolkit\CUDA\v5.5\bin\nvcc.exe" -gencode=arch=compute_10,code=\"sm_10,compute_10\" --use-local-env --cl-version 2012 -ccbin "C:\Program Files (x86)\Microsoft Visual Studio 11.0\VC\bin\x86_amd64"  -I"C:\Program Files\NVIDIA GPU Computing Toolkit\CUDA\v5.5\include" -I"C:\Program Files\NVIDIA GPU Computing Toolkit\CUDA\v5.5\include" -I"C:\Program Files\NVIDIA GPU Computing Toolkit\CUDA\v5.5\include"     --keep-dir x64\Release -maxrregcount=0  --machine 64 --compile -cudart static     -D_CRT_SECURE_NO_WARNINGS -D_MBCS -Xcompiler "/EHsc /W3 /nologo /O2 /Zi  /MD  " -o x64\Release\matrixmul.cu.obj "D:\Projects\CudaMatrix\cudamatrix\matrixmul.cu" 
       CudaBuild:
         Compiling CUDA source file matrixplus.cu...
         cmd.exe /C "X:\Temp\tmp17ecbd1df65b4726bfa99b7d530c1c6e.cmd"
         "C:\Program Files\NVIDIA GPU Computing Toolkit\CUDA\v5.5\bin\nvcc.exe" -gencode=arch=compute_10,code=\"sm_10,compute_10\" --use-local-env --cl-version 2012 -ccbin "C:\Program Files (x86)\Microsoft Visual Studio 11.0\VC\bin\x86_amd64"  -I"C:\Program Files\NVIDIA GPU Computing Toolkit\CUDA\v5.5\include" -I"C:\Program Files\NVIDIA GPU Computing Toolkit\CUDA\v5.5\include" -I"C:\Program Files\NVIDIA GPU Computing Toolkit\CUDA\v5.5\include"     --keep-dir x64\Release -maxrregcount=0  --machine 64 --compile -cudart static     -D_CRT_SECURE_NO_WARNINGS -D_MBCS -Xcompiler "/EHsc /W3 /nologo /O2 /Zi  /MD  " -o x64\Release\matrixplus.cu.obj "D:\Projects\CudaMatrix\cudamatrix\matrixplus.cu"
         
         D:\Projects\CudaMatrix\cudamatrix>"C:\Program Files\NVIDIA GPU Computing Toolkit\CUDA\v5.5\bin\nvcc.exe" -gencode=arch=compute_10,code=\"sm_10,compute_10\" --use-local-env --cl-version 2012 -ccbin "C:\Program Files (x86)\Microsoft Visual Studio 11.0\VC\bin\x86_amd64"  -I"C:\Program Files\NVIDIA GPU Computing Toolkit\CUDA\v5.5\include" -I"C:\Program Files\NVIDIA GPU Computing Toolkit\CUDA\v5.5\include" -I"C:\Program Files\NVIDIA GPU Computing Toolkit\CUDA\v5.5\include"     --keep-dir x64\Release -maxrregcount=0  --machine 64 --compile -cudart static     -D_CRT_SECURE_NO_WARNINGS -D_MBCS -Xcompiler "/EHsc /W3 /nologo /O2 /Zi  /MD  " -o x64\Release\matrixplus.cu.obj "D:\Projects\CudaMatrix\cudamatrix\matrixplus.cu" 
       CudaBuild:
         Compiling CUDA source file matrixrot.cu...
         cmd.exe /C "X:\Temp\tmp0aa8b0ba86e848b2ab2ca5f3ead2474d.cmd"
         "C:\Program Files\NVIDIA GPU Computing Toolkit\CUDA\v5.5\bin\nvcc.exe" -gencode=arch=compute_10,code=\"sm_10,compute_10\" --use-local-env --cl-version 2012 -ccbin "C:\Program Files (x86)\Microsoft Visual Studio 11.0\VC\bin\x86_amd64"  -I"C:\Program Files\NVIDIA GPU Computing Toolkit\CUDA\v5.5\include" -I"C:\Program Files\NVIDIA GPU Computing Toolkit\CUDA\v5.5\include" -I"C:\Program Files\NVIDIA GPU Computing Toolkit\CUDA\v5.5\include"     --keep-dir x64\Release -maxrregcount=0  --machine 64 --compile -cudart static     -D_CRT_SECURE_NO_WARNINGS -D_MBCS -Xcompiler "/EHsc /W3 /nologo /O2 /Zi  /MD  " -o x64\Release\matrixrot.cu.obj "D:\Projects\CudaMatrix\cudamatrix\matrixrot.cu"
         
         D:\Projects\CudaMatrix\cudamatrix>"C:\Program Files\NVIDIA GPU Computing Toolkit\CUDA\v5.5\bin\nvcc.exe" -gencode=arch=compute_10,code=\"sm_10,compute_10\" --use-local-env --cl-version 2012 -ccbin "C:\Program Files (x86)\Microsoft Visual Studio 11.0\VC\bin\x86_amd64"  -I"C:\Program Files\NVIDIA GPU Computing Toolkit\CUDA\v5.5\include" -I"C:\Program Files\NVIDIA GPU Computing Toolkit\CUDA\v5.5\include" -I"C:\Program Files\NVIDIA GPU Computing Toolkit\CUDA\v5.5\include"     --keep-dir x64\Release -maxrregcount=0  --machine 64 --compile -cudart static     -D_CRT_SECURE_NO_WARNINGS -D_MBCS -Xcompiler "/EHsc /W3 /nologo /O2 /Zi  /MD  " -o x64\Release\matrixrot.cu.obj "D:\Projects\CudaMatrix\cudamatrix\matrixrot.cu" 
       CudaBuild:
         Compiling CUDA source file matrixsub.cu...
         cmd.exe /C "X:\Temp\tmpe07085217b8248be9ce584c2aa013631.cmd"
         "C:\Program Files\NVIDIA GPU Computing Toolkit\CUDA\v5.5\bin\nvcc.exe" -gencode=arch=compute_10,code=\"sm_10,compute_10\" --use-local-env --cl-version 2012 -ccbin "C:\Program Files (x86)\Microsoft Visual Studio 11.0\VC\bin\x86_amd64"  -I"C:\Program Files\NVIDIA GPU Computing Toolkit\CUDA\v5.5\include" -I"C:\Program Files\NVIDIA GPU Computing Toolkit\CUDA\v5.5\include" -I"C:\Program Files\NVIDIA GPU Computing Toolkit\CUDA\v5.5\include"     --keep-dir x64\Release -maxrregcount=0  --machine 64 --compile -cudart static     -D_CRT_SECURE_NO_WARNINGS -D_MBCS -Xcompiler "/EHsc /W3 /nologo /O2 /Zi  /MD  " -o x64\Release\matrixsub.cu.obj "D:\Projects\CudaMatrix\cudamatrix\matrixsub.cu"
         
         D:\Projects\CudaMatrix\cudamatrix>"C:\Program Files\NVIDIA GPU Computing Toolkit\CUDA\v5.5\bin\nvcc.exe" -gencode=arch=compute_10,code=\"sm_10,compute_10\" --use-local-env --cl-version 2012 -ccbin "C:\Program Files (x86)\Microsoft Visual Studio 11.0\VC\bin\x86_amd64"  -I"C:\Program Files\NVIDIA GPU Computing Toolkit\CUDA\v5.5\include" -I"C:\Program Files\NVIDIA GPU Computing Toolkit\CUDA\v5.5\include" -I"C:\Program Files\NVIDIA GPU Computing Toolkit\CUDA\v5.5\include"     --keep-dir x64\Release -maxrregcount=0  --machine 64 --compile -cudart static     -D_CRT_SECURE_NO_WARNINGS -D_MBCS -Xcompiler "/EHsc /W3 /nologo /O2 /Zi  /MD  " -o x64\Release\matrixsub.cu.obj "D:\Projects\CudaMatrix\cudamatrix\matrixsub.cu" 
       BisonTarget:
         Process matrix bison file
         cmd.exe /C "X:\Temp\tmp70acfca12bcf42f1895f820820e8ee59.cmd"
         start /B /WAIT /D "D:\Projects\CudaMatrix\cudamatrix\" win_bison.exe --output="matrix.tab.cpp" --defines="matrix.tab.h" "matrix.y"
               
       FlexTarget:
         Process matrix flex file
         cmd.exe /C "X:\Temp\tmp947db3a95a534ecabde93b9327aa78ba.cmd"
         start /B /WAIT /D "D:\Projects\CudaMatrix\cudamatrix\" win_flex.exe --wincompat --outfile="matrix.flex.cpp" "matrix.l"
               
       ClCompile:
         C:\Program Files (x86)\Microsoft Visual Studio 11.0\VC\bin\x86_amd64\CL.exe /c /I"C:\Program Files\NVIDIA GPU Computing Toolkit\CUDA\v5.5\include" /I"C:\Program Files\NVIDIA GPU Computing Toolkit\CUDA\v5.5\include" /Zi /nologo /W3 /WX- /sdl /O2 /Oi /GL /D _CRT_SECURE_NO_WARNINGS /D _MBCS /Gm- /EHsc /MD /GS /Gy /fp:precise /Zc:wchar_t /Zc:forScope /Fo"x64\Release\\" /Fd"x64\Release\vc110.pdb" /Gd /TP /errorReport:prompt matrix.flex.cpp matrix.tab.cpp matrixio.cpp
         matrix.flex.cpp
     1>d:\projects\cudamatrix\cudamatrix\externs.h(18): warning C4229: устаревший элемент: пропуск модификаторов для данных
     1>d:\projects\cudamatrix\cudamatrix\externs.h(19): warning C4229: устаревший элемент: пропуск модификаторов для данных
     1>d:\projects\cudamatrix\cudamatrix\externs.h(20): warning C4229: устаревший элемент: пропуск модификаторов для данных
     1>d:\projects\cudamatrix\cudamatrix\externs.h(21): warning C4229: устаревший элемент: пропуск модификаторов для данных
         matrix.tab.cpp
     1>d:\projects\cudamatrix\cudamatrix\externs.h(18): warning C4229: устаревший элемент: пропуск модификаторов для данных
     1>d:\projects\cudamatrix\cudamatrix\externs.h(19): warning C4229: устаревший элемент: пропуск модификаторов для данных
     1>d:\projects\cudamatrix\cudamatrix\externs.h(20): warning C4229: устаревший элемент: пропуск модификаторов для данных
     1>d:\projects\cudamatrix\cudamatrix\externs.h(21): warning C4229: устаревший элемент: пропуск модификаторов для данных
     1>matrix.tab.cpp(1139): warning C4065: оператор switch содержит метку "default", но не содержит ни одной метки "case"
         matrixio.cpp
       Link:
         C:\Program Files (x86)\Microsoft Visual Studio 11.0\VC\bin\x86_amd64\link.exe /ERRORREPORT:PROMPT /OUT:"D:\Projects\CudaMatrix\x64\Release\cudamatrix.exe" /NOLOGO /LIBPATH:"C:\Program Files\NVIDIA GPU Computing Toolkit\CUDA\v5.5\lib\x64" /LIBPATH:"C:\Program Files\NVIDIA GPU Computing Toolkit\CUDA\v5.5\lib\x64" cuda.lib cudart.lib kernel32.lib user32.lib gdi32.lib winspool.lib comdlg32.lib advapi32.lib shell32.lib ole32.lib oleaut32.lib uuid.lib odbc32.lib odbccp32.lib /MANIFEST /MANIFESTUAC:"level='asInvoker' uiAccess='false'" /manifest:embed /DEBUG /PDB:"D:\Projects\CudaMatrix\x64\Release\cudamatrix.pdb" /SUBSYSTEM:CONSOLE /OPT:REF /OPT:ICF /LTCG /TLBID:1 /DYNAMICBASE /NXCOMPAT /IMPLIB:"D:\Projects\CudaMatrix\x64\Release\cudamatrix.lib" /MACHINE:X64 x64\Release\matrix.cu.obj
         x64\Release\matrixadd.cu.obj
         x64\Release\matrixgaussjordan.cu.obj
         x64\Release\matrixminus.cu.obj
         x64\Release\matrixmul.cu.obj
         x64\Release\matrixplus.cu.obj
         x64\Release\matrixrot.cu.obj
         x64\Release\matrixsub.cu.obj
         x64\Release\matrix.flex.obj
         x64\Release\matrix.tab.obj
         x64\Release\matrixio.obj
         Создание кода
         Создание кода завершено
         cudamatrix.vcxproj -> D:\Projects\CudaMatrix\x64\Release\cudamatrix.exe
     1>Построение проекта "D:\Projects\CudaMatrix\cudamatrix\cudamatrix.vcxproj" завершено (целевые объекты Rebuild).

Построение успешно завершено.

Затраченное время: 00:01:15.68
