D:\Projects\CudaMatrix\cudamatrix\matrix.tab.cpp
D:\Projects\CudaMatrix\cudamatrix\matrix.tab.h
D:\Projects\CudaMatrix\cudamatrix\matrix.flex.cpp
D:\PROJECTS\CUDAMATRIX\X64\RELEASE\CUDAMATRIX.EXE
D:\PROJECTS\CUDAMATRIX\X64\RELEASE\CUDAMATRIX.MAP
D:\PROJECTS\CUDAMATRIX\X64\RELEASE\CUDAMATRIX.PDB
D:\Projects\CudaMatrix\cudamatrix\x64\Release\matrix.cu.cache
D:\Projects\CudaMatrix\cudamatrix\x64\Release\matrix.flex.cpp.cache
D:\Projects\CudaMatrix\cudamatrix\x64\Release\matrix.tab.cpp.cache
D:\Projects\CudaMatrix\cudamatrix\x64\Release\matrixadd.cu.cache
D:\Projects\CudaMatrix\cudamatrix\x64\Release\matrixgaussjordan.cu.cache
D:\Projects\CudaMatrix\cudamatrix\x64\Release\matrixio.cpp.cache
D:\Projects\CudaMatrix\cudamatrix\x64\Release\matrixminus.cu.cache
D:\Projects\CudaMatrix\cudamatrix\x64\Release\matrixmul.cu.cache
D:\Projects\CudaMatrix\cudamatrix\x64\Release\matrixplus.cu.cache
D:\Projects\CudaMatrix\cudamatrix\x64\Release\matrixrot.cu.cache
D:\Projects\CudaMatrix\cudamatrix\x64\Release\matrixsub.cu.cache
D:\Projects\CudaMatrix\cudamatrix\x64\Release\matrix.cu.obj
D:\Projects\CudaMatrix\cudamatrix\x64\Release\matrix.flex.cpp.obj
D:\Projects\CudaMatrix\cudamatrix\x64\Release\matrix.tab.cpp.obj
D:\Projects\CudaMatrix\cudamatrix\x64\Release\matrixadd.cu.obj
D:\Projects\CudaMatrix\cudamatrix\x64\Release\matrixgaussjordan.cu.obj
D:\Projects\CudaMatrix\cudamatrix\x64\Release\matrixio.cpp.obj
D:\Projects\CudaMatrix\cudamatrix\x64\Release\matrixminus.cu.obj
D:\Projects\CudaMatrix\cudamatrix\x64\Release\matrixmul.cu.obj
D:\Projects\CudaMatrix\cudamatrix\x64\Release\matrixplus.cu.obj
D:\Projects\CudaMatrix\cudamatrix\x64\Release\matrixrot.cu.obj
D:\Projects\CudaMatrix\cudamatrix\x64\Release\matrixsub.cu.obj
D:\Projects\CudaMatrix\cudamatrix\x64\Release\cudamatrix.write.1.tlog
D:\Projects\CudaMatrix\cudamatrix\x64\Release\link-cvtres.read.1.tlog
D:\Projects\CudaMatrix\cudamatrix\x64\Release\link-cvtres.write.1.tlog
D:\Projects\CudaMatrix\cudamatrix\x64\Release\link-rc.read.1.tlog
D:\Projects\CudaMatrix\cudamatrix\x64\Release\link-rc.write.1.tlog
D:\Projects\CudaMatrix\cudamatrix\x64\Release\link.command.1.tlog
D:\Projects\CudaMatrix\cudamatrix\x64\Release\link.read.1.tlog
D:\Projects\CudaMatrix\cudamatrix\x64\Release\link.write.1.tlog
D:\Projects\CudaMatrix\cudamatrix\x64\Release\NativeCodeAnalysis.read.1.tlog
D:\Projects\CudaMatrix\x64\Release\cudamatrix.pdb
D:\Projects\CudaMatrix\x64\Release\cudamatrix.exe
