D:\Projects\CudaMatrix\calculator\sample.tab.cpp
D:\Projects\CudaMatrix\calculator\sample.tab.h
D:\Projects\CudaMatrix\calculator\sample.flex.cpp
D:\PROJECTS\CUDAMATRIX\CALCULATOR\X64\RELEASE\SAMPLE.TAB.OBJ
D:\PROJECTS\CUDAMATRIX\CALCULATOR\X64\RELEASE\SAMPLE.FLEX.OBJ
D:\PROJECTS\CUDAMATRIX\CALCULATOR\X64\RELEASE\VC110.PDB
D:\PROJECTS\CUDAMATRIX\X64\RELEASE\CALCULATOR.EXE
D:\PROJECTS\CUDAMATRIX\X64\RELEASE\CALCULATOR.PDB
D:\Projects\CudaMatrix\calculator\x64\Release\sample.flex.obj
D:\Projects\CudaMatrix\calculator\x64\Release\sample.tab.obj
D:\Projects\CudaMatrix\calculator\x64\Release\calculator.write.1.tlog
D:\Projects\CudaMatrix\calculator\x64\Release\cl.command.1.tlog
D:\Projects\CudaMatrix\calculator\x64\Release\CL.read.1.tlog
D:\Projects\CudaMatrix\calculator\x64\Release\CL.write.1.tlog
D:\Projects\CudaMatrix\calculator\x64\Release\link-cvtres.read.1.tlog
D:\Projects\CudaMatrix\calculator\x64\Release\link-cvtres.write.1.tlog
D:\Projects\CudaMatrix\calculator\x64\Release\link-rc.read.1.tlog
D:\Projects\CudaMatrix\calculator\x64\Release\link-rc.write.1.tlog
D:\Projects\CudaMatrix\calculator\x64\Release\link.command.1.tlog
D:\Projects\CudaMatrix\calculator\x64\Release\link.read.1.tlog
D:\Projects\CudaMatrix\calculator\x64\Release\link.write.1.tlog
D:\Projects\CudaMatrix\calculator\x64\Release\vc110.pdb
D:\Projects\CudaMatrix\x64\Release\calculator.pdb
D:\Projects\CudaMatrix\x64\Release\calculator.exe
