Построение начато 26.05.2015 9:36:06.
     1>Проект "D:\Projects\CudaMatrix\calculator\calculator.vcxproj" в узле 3 (целевые объекты Rebuild).
     1>BisonTarget:
         Process sample bison file
         cmd.exe /C "R:\Temp\tmpa3056ada9a78403db90fcfb500c9c914.cmd"
         start /B /WAIT /D "D:\Projects\CudaMatrix\calculator\" win_bison.exe --output="sample.tab.cpp" --defines="sample.tab.h" "sample.y"
               
       FlexTarget:
         Process sample flex file
         cmd.exe /C "R:\Temp\tmp7b9a0a1e7cc940479c429f1c47eca038.cmd"
         start /B /WAIT /D "D:\Projects\CudaMatrix\calculator\" win_flex.exe --wincompat --outfile="sample.flex.cpp" "sample.l"
               
       ClCompile:
         C:\Program Files (x86)\Microsoft Visual Studio 11.0\VC\bin\x86_amd64\CL.exe /c /Zi /nologo /W3 /WX- /sdl /O2 /Oi /GL /D _MBCS /Gm- /EHsc /MD /GS /Gy /fp:precise /Zc:wchar_t /Zc:forScope /Fo"x64\Release\\" /Fd"x64\Release\vc110.pdb" /Gd /TP /errorReport:prompt sample.flex.cpp sample.tab.cpp
         sample.flex.cpp
         sample.tab.cpp
       Link:
         C:\Program Files (x86)\Microsoft Visual Studio 11.0\VC\bin\x86_amd64\link.exe /ERRORREPORT:PROMPT /OUT:"D:\Projects\CudaMatrix\x64\Release\calculator.exe" /NOLOGO kernel32.lib user32.lib gdi32.lib winspool.lib comdlg32.lib advapi32.lib shell32.lib ole32.lib oleaut32.lib uuid.lib odbc32.lib odbccp32.lib /MANIFEST /MANIFESTUAC:"level='asInvoker' uiAccess='false'" /manifest:embed /DEBUG /PDB:"D:\Projects\CudaMatrix\x64\Release\calculator.pdb" /OPT:REF /OPT:ICF /LTCG /TLBID:1 /DYNAMICBASE /NXCOMPAT /IMPLIB:"D:\Projects\CudaMatrix\x64\Release\calculator.lib" /MACHINE:X64 x64\Release\sample.flex.obj
         x64\Release\sample.tab.obj
         Создание кода
         Создание кода завершено
         calculator.vcxproj -> D:\Projects\CudaMatrix\x64\Release\calculator.exe
     1>Построение проекта "D:\Projects\CudaMatrix\calculator\calculator.vcxproj" завершено (целевые объекты Rebuild).

Построение успешно завершено.

Затраченное время: 00:00:05.10
